To honour the JVM settings for this build a single-use Daemon process will be forked. For more on this, please refer to https://docs.gradle.org/8.14.3/userguide/gradle_daemon.html#sec:disabling_the_daemon in the Gradle documentation.
Daemon will be stopped at the end of the build 
> Task :app:preBuild UP-TO-DATE
> Task :app:preBasicReleaseBuild UP-TO-DATE
> Task :app:mergeBasicReleaseJniLibFolders UP-TO-DATE
> Task :app:mergeBasicReleaseNativeLibs UP-TO-DATE
> Task :app:stripBasicReleaseDebugSymbols UP-TO-DATE
> Task :app:extractBasicReleaseNativeSymbolTables UP-TO-DATE
> Task :app:mergeBasicReleaseNativeDebugMetadata NO-SOURCE
> Task :app:buildKotlinToolingMetadata UP-TO-DATE
> Task :app:checkBasicReleaseDuplicateClasses UP-TO-DATE
> Task :app:generateBasicReleaseBuildConfig UP-TO-DATE
> Task :app:checkBasicReleaseAarMetadata UP-TO-DATE
> Task :app:processBasicReleaseNavigationResources
> Task :app:compileBasicReleaseNavigationResources UP-TO-DATE
> Task :app:generateBasicReleaseResValues UP-TO-DATE
> Task :app:mapBasicReleaseSourceSetPaths
> Task :app:generateBasicReleaseResources
> Task :app:packageBasicReleaseResources

> Task :app:mergeBasicReleaseResources
/workspaces/local-dream/app/src/main/res/values/strings.xml:108:4: Multiple substitutions specified in non-positional format of string resource string/basic_size. Did you mean to add the formatted="false" attribute?
/workspaces/local-dream/app/src/main/res/values/strings.xml:105:4: Multiple substitutions specified in non-positional format of string resource string/result_params. Did you mean to add the formatted="false" attribute?
/workspaces/local-dream/app/src/main/res/values/strings.xml:89:4: Multiple substitutions specified in non-positional format of string resource string/result_params_2. Did you mean to add the formatted="false" attribute?
/workspaces/local-dream/app/src/main/res/values-zh/strings.xml:110:4: Multiple substitutions specified in non-positional format of string resource string/basic_size. Did you mean to add the formatted="false" attribute?
/workspaces/local-dream/app/src/main/res/values-zh/strings.xml:107:4: Multiple substitutions specified in non-positional format of string resource string/result_params. Did you mean to add the formatted="false" attribute?
/workspaces/local-dream/app/src/main/res/values-zh/strings.xml:91:4: Multiple substitutions specified in non-positional format of string resource string/result_params_2. Did you mean to add the formatted="false" attribute?

> Task :app:createBasicReleaseCompatibleScreenManifests
> Task :app:extractDeepLinksBasicRelease
> Task :app:parseBasicReleaseLocalResources
> Task :app:processBasicReleaseMainManifest FAILED

[Incubating] Problems report is available at: file:///workspaces/local-dream/build/reports/problems/problems-report.html

FAILURE: Build failed with an exception.

* What went wrong:
Execution failed for task ':app:processBasicReleaseMainManifest'.
> com.android.manifmerger.ManifestMerger2$MergeFailureException: Error parsing /workspaces/local-dream/app/src/main/AndroidManifest.xml

* Try:
> Run with --stacktrace option to get the stack trace.
> Run with --info or --debug option to get more log output.
> Run with --scan to get full insights.
> Get more help at https://help.gradle.org.

Deprecated Gradle features were used in this build, making it incompatible with Gradle 9.0.

You can use '--warning-mode all' to show the individual deprecation warnings and determine if they come from your own scripts or plugins.

For more on this, please refer to https://docs.gradle.org/8.14.3/userguide/command_line_interface.html#sec:command_line_warnings in the Gradle documentation.

BUILD FAILED in 12s
19 actionable tasks: 9 executed, 10 up-to-date
